TN:
SF:client/src/components/ProductOverview/ProductOverview.jsx
FN:11,ProductOverview
FNF:1
FNH:0
FNDA:0,ProductOverview
DA:1,1
DA:2,1
DA:3,1
DA:4,1
DA:5,1
DA:6,1
DA:7,1
DA:8,1
DA:9,1
DA:10,1
DA:11,1
DA:12,0
DA:13,0
DA:14,0
DA:15,0
DA:16,0
DA:17,0
DA:18,0
DA:19,0
DA:20,0
DA:21,0
DA:22,1
DA:23,1
LF:23
LH:13
BRF:0
BRH:0
end_of_record
TN:
SF:client/src/components/ProductOverview/CategoryAndName/CategoryAndName.jsx
FN:3,CategoryAndName
FNF:1
FNH:0
FNDA:0,CategoryAndName
DA:1,1
DA:2,1
DA:3,1
DA:4,0
DA:5,0
DA:6,0
DA:7,0
DA:8,0
DA:9,0
DA:10,0
DA:11,0
DA:12,0
DA:13,1
DA:14,1
LF:14
LH:5
BRF:0
BRH:0
end_of_record
TN:
SF:client/src/components/ProductOverview/Images/Images.jsx
FN:3,Images
FNF:1
FNH:0
FNDA:0,Images
DA:1,1
DA:2,1
DA:3,1
DA:4,0
DA:5,0
DA:6,0
DA:7,0
DA:8,0
DA:9,0
DA:10,1
DA:11,1
LF:11
LH:5
BRF:0
BRH:0
end_of_record
TN:
SF:client/src/components/ProductOverview/ProductInfo/Header.jsx
FN:3,Header
FNF:1
FNH:0
FNDA:0,Header
DA:1,1
DA:2,1
DA:3,1
DA:4,0
DA:5,0
DA:6,0
DA:7,0
DA:8,0
DA:9,0
DA:10,0
DA:11,0
DA:12,0
DA:13,0
DA:14,1
DA:15,1
LF:15
LH:5
BRF:0
BRH:0
end_of_record
TN:
SF:client/src/components/ProductOverview/ProductInfo/ProductInfo.jsx
FN:6,ProductInfo
FNF:1
FNH:0
FNDA:0,ProductInfo
DA:1,1
DA:2,1
DA:3,1
DA:4,1
DA:5,1
DA:6,1
DA:7,0
DA:8,0
DA:9,0
DA:10,0
DA:11,0
DA:12,0
DA:13,0
DA:14,0
DA:15,1
DA:16,1
LF:16
LH:8
BRF:0
BRH:0
end_of_record
TN:
SF:client/src/components/ProductOverview/Share/Share.jsx
FN:3,Share
FNF:1
FNH:0
FNDA:0,Share
DA:1,1
DA:2,1
DA:3,1
DA:4,0
DA:5,0
DA:6,0
DA:7,0
DA:8,0
DA:9,0
DA:10,1
DA:11,1
LF:11
LH:5
BRF:0
BRH:0
end_of_record
TN:
SF:client/src/components/ProductOverview/StyleSelect/StyleSelect.jsx
FN:3,StyleSelect
FNF:1
FNH:0
FNDA:0,StyleSelect
DA:1,1
DA:2,1
DA:3,1
DA:4,0
DA:5,0
DA:6,0
DA:7,0
DA:8,0
DA:9,0
DA:10,1
DA:11,1
LF:11
LH:5
BRF:0
BRH:0
end_of_record
